  源.cpp
e:\visualstudio\vc\tools\msvc\14.16.27023\include\xmemory0(879): error C2440: “初始化”: 无法从“_Ty”转换为“_Objty”
          with
          [
              _Ty=std::initializer_list<int>
          ]
          and
          [
              _Objty=int
          ]
  e:\visualstudio\vc\tools\msvc\14.16.27023\include\xmemory0(879): note: 没有可用于执行该转换的用户定义的转换运算符，或者无法调用该运算符
  e:\visualstudio\vc\tools\msvc\14.16.27023\include\vector(900): note: 参见对正在编译的函数 模板 实例化“void std::_Default_allocator_traits<_Alloc>::construct<_Ty,std::initializer_list<_Ty>>(_Alloc &,_Objty *const ,std::initializer_list<_Ty> &&)”的引用
          with
          [
              _Alloc=std::allocator<int>,
              _Ty=int,
              _Objty=int
          ]
  e:\visualstudio\vc\tools\msvc\14.16.27023\include\vector(902): note: 参见对正在编译的函数 模板 实例化“void std::_Default_allocator_traits<_Alloc>::construct<_Ty,std::initializer_list<_Ty>>(_Alloc &,_Objty *const ,std::initializer_list<_Ty> &&)”的引用
          with
          [
              _Alloc=std::allocator<int>,
              _Ty=int,
              _Objty=int
          ]
  e:\visualstudio\vc\tools\msvc\14.16.27023\include\vector(916): note: 参见对正在编译的函数 模板 实例化“_Ty &std::vector<_Ty,std::allocator<_Ty>>::_Emplace_back_with_unused_capacity<std::initializer_list<_Ty>>(std::initializer_list<_Ty> &&)”的引用
          with
          [
              _Ty=int
          ]
  e:\csgo\project6\project6\源.cpp(58): note: 参见对正在编译的函数 模板 实例化“_Ty &std::vector<_Ty,std::allocator<_Ty>>::emplace_back<std::initializer_list<_Ty>>(std::initializer_list<_Ty> &&)”的引用
          with
          [
              _Ty=int
          ]
