f:\csgo\qtcodes\tomato\tomato\x64\debug\mylistitem.obj
f:\csgo\qtcodes\tomato\tomato\x64\debug\qrc_tomato.obj
f:\csgo\qtcodes\tomato\tomato\x64\debug\moc_mylistitem.obj
f:\csgo\qtcodes\tomato\tomato\x64\debug\main.obj
f:\csgo\qtcodes\tomato\tomato\x64\debug\myslices.obj
f:\csgo\qtcodes\tomato\tomato\x64\debug\my_giff.obj
f:\csgo\qtcodes\tomato\tomato\x64\debug\moc_myview.obj
f:\csgo\qtcodes\tomato\tomato\x64\debug\main_windows.obj
f:\csgo\qtcodes\tomato\tomato\x64\debug\myview.obj
f:\csgo\qtcodes\tomato\tomato\x64\debug\moc_mymenu.obj
f:\csgo\qtcodes\tomato\tomato\x64\debug\moc_myslices.obj
f:\csgo\qtcodes\tomato\tomato\x64\debug\mymenu.obj
f:\csgo\qtcodes\tomato\tomato\x64\debug\mychart.obj
f:\csgo\qtcodes\tomato\tomato\x64\debug\moc_my_gif.obj
f:\csgo\qtcodes\tomato\tomato\x64\debug\moc_main_windows.obj
f:\csgo\qtcodes\tomato\tomato\x64\debug\vc141.pdb
f:\csgo\qtcodes\tomato\x64\debug\tomato.exe
f:\csgo\qtcodes\tomato\x64\debug\tomato.ilk
f:\csgo\qtcodes\tomato\x64\debug\tomato.pdb
f:\csgo\qtcodes\tomato\tomato\.\generatedfiles\debug\moc_my_gif.cpp
f:\csgo\qtcodes\tomato\tomato\.\generatedfiles\debug\moc_mymenu.cpp
f:\csgo\qtcodes\tomato\tomato\.\generatedfiles\debug\moc_main_windows.cpp
f:\csgo\qtcodes\tomato\tomato\.\generatedfiles\debug\moc_myview.cpp
f:\csgo\qtcodes\tomato\tomato\.\generatedfiles\debug\moc_myslices.cpp
f:\csgo\qtcodes\tomato\tomato\.\generatedfiles\debug\moc_mylistitem.cpp
f:\csgo\qtcodes\tomato\tomato\x64\debug\tomato.res
f:\csgo\qtcodes\tomato\tomato\.\generatedfiles\qrc_tomato.cpp
f:\csgo\qtcodes\tomato\tomato\generatedfiles\ui_main_windows.h
f:\csgo\qtcodes\tomato\tomato\generatedfiles\ui_tomato.h
f:\csgo\qtcodes\tomato\tomato\generatedfiles\qrc_tomato.cpp
f:\csgo\qtcodes\tomato\tomato\generatedfiles\debug\moc_my_gif.cpp
f:\csgo\qtcodes\tomato\tomato\generatedfiles\debug\moc_mymenu.cpp
f:\csgo\qtcodes\tomato\tomato\generatedfiles\debug\moc_main_windows.cpp
f:\csgo\qtcodes\tomato\tomato\generatedfiles\debug\moc_myview.cpp
f:\csgo\qtcodes\tomato\tomato\generatedfiles\debug\moc_myslices.cpp
f:\csgo\qtcodes\tomato\tomato\generatedfiles\debug\moc_mylistitem.cpp
f:\csgo\qtcodes\tomato\tomato\.\generatedfiles\ui_main_windows.h
f:\csgo\qtcodes\tomato\tomato\.\generatedfiles\ui_tomato.h
f:\csgo\qtcodes\tomato\tomato\x64\debug\tomato.tlog\cl.command.1.tlog
f:\csgo\qtcodes\tomato\tomato\x64\debug\tomato.tlog\cl.read.1.tlog
f:\csgo\qtcodes\tomato\tomato\x64\debug\tomato.tlog\cl.write.1.tlog
f:\csgo\qtcodes\tomato\tomato\x64\debug\tomato.tlog\link.command.1.tlog
f:\csgo\qtcodes\tomato\tomato\x64\debug\tomato.tlog\link.read.1.tlog
f:\csgo\qtcodes\tomato\tomato\x64\debug\tomato.tlog\link.write.1.tlog
f:\csgo\qtcodes\tomato\tomato\x64\debug\tomato.tlog\moc.read.1u.tlog
f:\csgo\qtcodes\tomato\tomato\x64\debug\tomato.tlog\moc.write.1u.tlog
f:\csgo\qtcodes\tomato\tomato\x64\debug\tomato.tlog\rc.command.1.tlog
f:\csgo\qtcodes\tomato\tomato\x64\debug\tomato.tlog\rc.read.1.tlog
f:\csgo\qtcodes\tomato\tomato\x64\debug\tomato.tlog\rc.write.1.tlog
f:\csgo\qtcodes\tomato\tomato\x64\debug\tomato.tlog\rcc.read.1u.tlog
f:\csgo\qtcodes\tomato\tomato\x64\debug\tomato.tlog\rcc.write.1u.tlog
f:\csgo\qtcodes\tomato\tomato\x64\debug\tomato.tlog\tomato.write.1u.tlog
f:\csgo\qtcodes\tomato\tomato\x64\debug\tomato.tlog\uic.read.1u.tlog
f:\csgo\qtcodes\tomato\tomato\x64\debug\tomato.tlog\uic.write.1u.tlog
