f:\csgo\qtcodes\tomato\tomato\x64\release\mylistitem.obj
f:\csgo\qtcodes\tomato\tomato\x64\release\myview.obj
f:\csgo\qtcodes\tomato\tomato\x64\release\moc_myview.obj
f:\csgo\qtcodes\tomato\tomato\x64\release\main_windows.obj
f:\csgo\qtcodes\tomato\tomato\x64\release\my_giff.obj
f:\csgo\qtcodes\tomato\tomato\x64\release\moc_mymenu.obj
f:\csgo\qtcodes\tomato\tomato\x64\release\moc_mylistitem.obj
f:\csgo\qtcodes\tomato\tomato\x64\release\mymenu.obj
f:\csgo\qtcodes\tomato\tomato\x64\release\mychart.obj
f:\csgo\qtcodes\tomato\tomato\x64\release\qrc_tomato.obj
f:\csgo\qtcodes\tomato\tomato\x64\release\moc_main_windows.obj
f:\csgo\qtcodes\tomato\tomato\x64\release\main.obj
f:\csgo\qtcodes\tomato\tomato\x64\release\myslices.obj
f:\csgo\qtcodes\tomato\tomato\x64\release\moc_my_gif.obj
f:\csgo\qtcodes\tomato\tomato\x64\release\moc_myslices.obj
f:\csgo\qtcodes\tomato\x64\release\tomato.exe
f:\csgo\qtcodes\tomato\tomato\.\generatedfiles\release\moc_my_gif.cpp
f:\csgo\qtcodes\tomato\tomato\.\generatedfiles\release\moc_mymenu.cpp
f:\csgo\qtcodes\tomato\tomato\.\generatedfiles\release\moc_main_windows.cpp
f:\csgo\qtcodes\tomato\tomato\.\generatedfiles\release\moc_myview.cpp
f:\csgo\qtcodes\tomato\tomato\.\generatedfiles\release\moc_myslices.cpp
f:\csgo\qtcodes\tomato\tomato\.\generatedfiles\release\moc_mylistitem.cpp
f:\csgo\qtcodes\tomato\tomato\x64\release\tomato.res
f:\csgo\qtcodes\tomato\tomato\.\generatedfiles\qrc_tomato.cpp
f:\csgo\qtcodes\tomato\tomato\generatedfiles\ui_main_windows.h
f:\csgo\qtcodes\tomato\tomato\generatedfiles\ui_tomato.h
f:\csgo\qtcodes\tomato\tomato\generatedfiles\qrc_tomato.cpp
f:\csgo\qtcodes\tomato\tomato\generatedfiles\release\moc_my_gif.cpp
f:\csgo\qtcodes\tomato\tomato\generatedfiles\release\moc_mymenu.cpp
f:\csgo\qtcodes\tomato\tomato\generatedfiles\release\moc_main_windows.cpp
f:\csgo\qtcodes\tomato\tomato\generatedfiles\release\moc_myview.cpp
f:\csgo\qtcodes\tomato\tomato\generatedfiles\release\moc_myslices.cpp
f:\csgo\qtcodes\tomato\tomato\generatedfiles\release\moc_mylistitem.cpp
f:\csgo\qtcodes\tomato\tomato\.\generatedfiles\ui_main_windows.h
f:\csgo\qtcodes\tomato\tomato\.\generatedfiles\ui_tomato.h
f:\csgo\qtcodes\tomato\tomato\x64\release\nativecodeanalysis.read.1.tlog
f:\csgo\qtcodes\tomato\tomato\x64\release\moc_main_windows.nativecodeanalysis.xml
f:\csgo\qtcodes\tomato\tomato\x64\release\vc.nativecodeanalysis.all.xml
f:\csgo\qtcodes\tomato\tomato\x64\release\tomato.tlog\cl.command.1.tlog
f:\csgo\qtcodes\tomato\tomato\x64\release\tomato.tlog\cl.read.1.tlog
f:\csgo\qtcodes\tomato\tomato\x64\release\tomato.tlog\cl.write.1.tlog
f:\csgo\qtcodes\tomato\tomato\x64\release\tomato.tlog\link.command.1.tlog
f:\csgo\qtcodes\tomato\tomato\x64\release\tomato.tlog\link.read.1.tlog
f:\csgo\qtcodes\tomato\tomato\x64\release\tomato.tlog\link.write.1.tlog
f:\csgo\qtcodes\tomato\tomato\x64\release\tomato.tlog\moc.read.1u.tlog
f:\csgo\qtcodes\tomato\tomato\x64\release\tomato.tlog\moc.write.1u.tlog
f:\csgo\qtcodes\tomato\tomato\x64\release\tomato.tlog\rc.command.1.tlog
f:\csgo\qtcodes\tomato\tomato\x64\release\tomato.tlog\rc.read.1.tlog
f:\csgo\qtcodes\tomato\tomato\x64\release\tomato.tlog\rc.write.1.tlog
f:\csgo\qtcodes\tomato\tomato\x64\release\tomato.tlog\rcc.read.1u.tlog
f:\csgo\qtcodes\tomato\tomato\x64\release\tomato.tlog\rcc.write.1u.tlog
f:\csgo\qtcodes\tomato\tomato\x64\release\tomato.tlog\tomato.write.1u.tlog
f:\csgo\qtcodes\tomato\tomato\x64\release\tomato.tlog\uic.read.1u.tlog
f:\csgo\qtcodes\tomato\tomato\x64\release\tomato.tlog\uic.write.1u.tlog
